<?xml version="1.0" encoding="UTF-8"?>
<testsuite xmlns:xsi="http://www.w3.org/2001/XMLSchema-instance" xsi:noNamespaceSchemaLocation="https://maven.apache.org/surefire/maven-surefire-plugin/xsd/surefire-test-report-3.0.xsd" version="3.0" name="com.finos.synthetics.instruction.integration.InstructionServiceIntegrationTest" time="1.468" tests="13" errors="0" skipped="0" failures="0">
  <properties>
    <property name="java.specification.version" value="21"/>
    <property name="sun.jnu.encoding" value="UTF-8"/>
    <property name="java.class.path" value="/Users/sreekumarviswanathan/ai-projects-cursor/equity-swaps-poc/synthetics-instruction-service/target/test-classes:/Users/sreekumarviswanathan/ai-projects-cursor/equity-swaps-poc/synthetics-instruction-service/target/classes:/Users/sreekumarviswanathan/.m2/repository/org/springframework/boot/spring-boot-starter-web/2.7.18/spring-boot-starter-web-2.7.18.jar:/Users/sreekumarviswanathan/.m2/repository/org/springframework/boot/spring-boot-starter/2.7.18/spring-boot-starter-2.7.18.jar:/Users/sreekumarviswanathan/.m2/repository/org/springframework/boot/spring-boot/2.7.18/spring-boot-2.7.18.jar:/Users/sreekumarviswanathan/.m2/repository/org/springframework/boot/spring-boot-autoconfigure/2.7.18/spring-boot-autoconfigure-2.7.18.jar:/Users/sreekumarviswanathan/.m2/repository/org/springframework/boot/spring-boot-starter-logging/2.7.18/spring-boot-starter-logging-2.7.18.jar:/Users/sreekumarviswanathan/.m2/repository/org/apache/logging/log4j/log4j-to-slf4j/2.17.2/log4j-to-slf4j-2.17.2.jar:/Users/sreekumarviswanathan/.m2/repository/org/apache/logging/log4j/log4j-api/2.17.2/log4j-api-2.17.2.jar:/Users/sreekumarviswanathan/.m2/repository/org/slf4j/jul-to-slf4j/1.7.36/jul-to-slf4j-1.7.36.jar:/Users/sreekumarviswanathan/.m2/repository/jakarta/annotation/jakarta.annotation-api/1.3.5/jakarta.annotation-api-1.3.5.jar:/Users/sreekumarviswanathan/.m2/repository/org/yaml/snakeyaml/1.30/snakeyaml-1.30.jar:/Users/sreekumarviswanathan/.m2/repository/org/springframework/boot/spring-boot-starter-json/2.7.18/spring-boot-starter-json-2.7.18.jar:/Users/sreekumarviswanathan/.m2/repository/com/fasterxml/jackson/datatype/jackson-datatype-jdk8/2.13.5/jackson-datatype-jdk8-2.13.5.jar:/Users/sreekumarviswanathan/.m2/repository/com/fasterxml/jackson/module/jackson-module-parameter-names/2.13.5/jackson-module-parameter-names-2.13.5.jar:/Users/sreekumarviswanathan/.m2/repository/org/springframework/boot/spring-boot-starter-tomcat/2.7.18/spring-boot-starter-tomcat-2.7.18.jar:/Users/sreekumarviswanathan/.m2/repository/org/apache/tomcat/embed/tomcat-embed-core/9.0.83/tomcat-embed-core-9.0.83.jar:/Users/sreekumarviswanathan/.m2/repository/org/apache/tomcat/embed/tomcat-embed-websocket/9.0.83/tomcat-embed-websocket-9.0.83.jar:/Users/sreekumarviswanathan/.m2/repository/org/springframework/spring-web/5.3.31/spring-web-5.3.31.jar:/Users/sreekumarviswanathan/.m2/repository/org/springframework/spring-beans/5.3.31/spring-beans-5.3.31.jar:/Users/sreekumarviswanathan/.m2/repository/org/springframework/spring-webmvc/5.3.31/spring-webmvc-5.3.31.jar:/Users/sreekumarviswanathan/.m2/repository/org/springframework/spring-aop/5.3.31/spring-aop-5.3.31.jar:/Users/sreekumarviswanathan/.m2/repository/org/springframework/spring-context/5.3.31/spring-context-5.3.31.jar:/Users/sreekumarviswanathan/.m2/repository/org/springframework/spring-expression/5.3.31/spring-expression-5.3.31.jar:/Users/sreekumarviswanathan/.m2/repository/org/springframework/boot/spring-boot-starter-actuator/2.7.18/spring-boot-starter-actuator-2.7.18.jar:/Users/sreekumarviswanathan/.m2/repository/org/springframework/boot/spring-boot-actuator-autoconfigure/2.7.18/spring-boot-actuator-autoconfigure-2.7.18.jar:/Users/sreekumarviswanathan/.m2/repository/org/springframework/boot/spring-boot-actuator/2.7.18/spring-boot-actuator-2.7.18.jar:/Users/sreekumarviswanathan/.m2/repository/io/micrometer/micrometer-core/1.9.17/micrometer-core-1.9.17.jar:/Users/sreekumarviswanathan/.m2/repository/org/hdrhistogram/HdrHistogram/2.1.12/HdrHistogram-2.1.12.jar:/Users/sreekumarviswanathan/.m2/repository/org/latencyutils/LatencyUtils/2.0.3/LatencyUtils-2.0.3.jar:/Users/sreekumarviswanathan/.m2/repository/org/springframework/cloud/spring-cloud-starter-openfeign/3.1.8/spring-cloud-starter-openfeign-3.1.8.jar:/Users/sreekumarviswanathan/.m2/repository/org/springframework/cloud/spring-cloud-starter/3.1.7/spring-cloud-starter-3.1.7.jar:/Users/sreekumarviswanathan/.m2/repository/org/springframework/cloud/spring-cloud-context/3.1.7/spring-cloud-context-3.1.7.jar:/Users/sreekumarviswanathan/.m2/repository/org/springframework/security/spring-security-rsa/1.0.11.RELEASE/spring-security-rsa-1.0.11.RELEASE.jar:/Users/sreekumarviswanathan/.m2/repository/org/bouncycastle/bcpkix-jdk15on/1.69/bcpkix-jdk15on-1.69.jar:/Users/sreekumarviswanathan/.m2/repository/org/bouncycastle/bcprov-jdk15on/1.69/bcprov-jdk15on-1.69.jar:/Users/sreekumarviswanathan/.m2/repository/org/bouncycastle/bcutil-jdk15on/1.69/bcutil-jdk15on-1.69.jar:/Users/sreekumarviswanathan/.m2/repository/org/springframework/cloud/spring-cloud-openfeign-core/3.1.8/spring-cloud-openfeign-core-3.1.8.jar:/Users/sreekumarviswanathan/.m2/repository/org/springframework/boot/spring-boot-starter-aop/2.7.18/spring-boot-starter-aop-2.7.18.jar:/Users/sreekumarviswanathan/.m2/repository/org/aspectj/aspectjweaver/1.9.7/aspectjweaver-1.9.7.jar:/Users/sreekumarviswanathan/.m2/repository/io/github/openfeign/form/feign-form-spring/3.8.0/feign-form-spring-3.8.0.jar:/Users/sreekumarviswanathan/.m2/repository/io/github/openfeign/form/feign-form/3.8.0/feign-form-3.8.0.jar:/Users/sreekumarviswanathan/.m2/repository/commons-fileupload/commons-fileupload/1.5/commons-fileupload-1.5.jar:/Users/sreekumarviswanathan/.m2/repository/org/springframework/cloud/spring-cloud-commons/3.1.7/spring-cloud-commons-3.1.7.jar:/Users/sreekumarviswanathan/.m2/repository/org/springframework/security/spring-security-crypto/5.7.11/spring-security-crypto-5.7.11.jar:/Users/sreekumarviswanathan/.m2/repository/io/github/openfeign/feign-core/11.10/feign-core-11.10.jar:/Users/sreekumarviswanathan/.m2/repository/io/github/openfeign/feign-slf4j/11.10/feign-slf4j-11.10.jar:/Users/sreekumarviswanathan/.m2/repository/org/springframework/cloud/spring-cloud-starter-netflix-eureka-client/3.1.7/spring-cloud-starter-netflix-eureka-client-3.1.7.jar:/Users/sreekumarviswanathan/.m2/repository/org/springframework/cloud/spring-cloud-netflix-eureka-client/3.1.7/spring-cloud-netflix-eureka-client-3.1.7.jar:/Users/sreekumarviswanathan/.m2/repository/com/netflix/eureka/eureka-client/1.10.17/eureka-client-1.10.17.jar:/Users/sreekumarviswanathan/.m2/repository/com/netflix/netflix-commons/netflix-eventbus/0.3.0/netflix-eventbus-0.3.0.jar:/Users/sreekumarviswanathan/.m2/repository/com/netflix/netflix-commons/netflix-infix/0.3.0/netflix-infix-0.3.0.jar:/Users/sreekumarviswanathan/.m2/repository/commons-jxpath/commons-jxpath/1.3/commons-jxpath-1.3.jar:/Users/sreekumarviswanathan/.m2/repository/org/apache/commons/commons-math/2.2/commons-math-2.2.jar:/Users/sreekumarviswanathan/.m2/repository/com/thoughtworks/xstream/xstream/1.4.18/xstream-1.4.18.jar:/Users/sreekumarviswanathan/.m2/repository/io/github/x-stream/mxparser/1.2.2/mxparser-1.2.2.jar:/Users/sreekumarviswanathan/.m2/repository/xmlpull/xmlpull/1.1.3.1/xmlpull-1.1.3.1.jar:/Users/sreekumarviswanathan/.m2/repository/javax/ws/rs/jsr311-api/1.1.1/jsr311-api-1.1.1.jar:/Users/sreekumarviswanathan/.m2/repository/com/netflix/servo/servo-core/0.12.21/servo-core-0.12.21.jar:/Users/sreekumarviswanathan/.m2/repository/org/apache/httpcomponents/httpclient/4.5.14/httpclient-4.5.14.jar:/Users/sreekumarviswanathan/.m2/repository/org/apache/httpcomponents/httpcore/4.4.16/httpcore-4.4.16.jar:/Users/sreekumarviswanathan/.m2/repository/commons-codec/commons-codec/1.15/commons-codec-1.15.jar:/Users/sreekumarviswanathan/.m2/repository/commons-configuration/commons-configuration/1.10/commons-configuration-1.10.jar:/Users/sreekumarviswanathan/.m2/repository/commons-lang/commons-lang/2.6/commons-lang-2.6.jar:/Users/sreekumarviswanathan/.m2/repository/com/google/inject/guice/4.1.0/guice-4.1.0.jar:/Users/sreekumarviswanathan/.m2/repository/org/codehaus/jettison/jettison/1.4.0/jettison-1.4.0.jar:/Users/sreekumarviswanathan/.m2/repository/com/netflix/eureka/eureka-core/1.10.17/eureka-core-1.10.17.jar:/Users/sreekumarviswanathan/.m2/repository/com/fasterxml/woodstox/woodstox-core/6.2.1/woodstox-core-6.2.1.jar:/Users/sreekumarviswanathan/.m2/repository/org/springframework/cloud/spring-cloud-starter-loadbalancer/3.1.7/spring-cloud-starter-loadbalancer-3.1.7.jar:/Users/sreekumarviswanathan/.m2/repository/org/springframework/cloud/spring-cloud-loadbalancer/3.1.7/spring-cloud-loadbalancer-3.1.7.jar:/Users/sreekumarviswanathan/.m2/repository/io/projectreactor/reactor-core/3.4.34/reactor-core-3.4.34.jar:/Users/sreekumarviswanathan/.m2/repository/org/reactivestreams/reactive-streams/1.0.4/reactive-streams-1.0.4.jar:/Users/sreekumarviswanathan/.m2/repository/io/projectreactor/addons/reactor-extra/3.4.10/reactor-extra-3.4.10.jar:/Users/sreekumarviswanathan/.m2/repository/org/springframework/boot/spring-boot-starter-cache/2.7.18/spring-boot-starter-cache-2.7.18.jar:/Users/sreekumarviswanathan/.m2/repository/org/springframework/spring-context-support/5.3.31/spring-context-support-5.3.31.jar:/Users/sreekumarviswanathan/.m2/repository/com/stoyanr/evictor/1.0.0/evictor-1.0.0.jar:/Users/sreekumarviswanathan/.m2/repository/org/springframework/boot/spring-boot-starter-validation/2.7.18/spring-boot-starter-validation-2.7.18.jar:/Users/sreekumarviswanathan/.m2/repository/org/apache/tomcat/embed/tomcat-embed-el/9.0.83/tomcat-embed-el-9.0.83.jar:/Users/sreekumarviswanathan/.m2/repository/org/hibernate/validator/hibernate-validator/6.2.5.Final/hibernate-validator-6.2.5.Final.jar:/Users/sreekumarviswanathan/.m2/repository/jakarta/validation/jakarta.validation-api/2.0.2/jakarta.validation-api-2.0.2.jar:/Users/sreekumarviswanathan/.m2/repository/org/jboss/logging/jboss-logging/3.4.3.Final/jboss-logging-3.4.3.Final.jar:/Users/sreekumarviswanathan/.m2/repository/com/fasterxml/classmate/1.5.1/classmate-1.5.1.jar:/Users/sreekumarviswanathan/.m2/repository/org/finos/cdm/cdm-java/7.0.0-dev.14/cdm-java-7.0.0-dev.14.jar:/Users/sreekumarviswanathan/.m2/repository/com/regnosys/rosetta/com.regnosys.rosetta.lib/9.54.0/com.regnosys.rosetta.lib-9.54.0.jar:/Users/sreekumarviswanathan/.m2/repository/org/eclipse/xtend/org.eclipse.xtend.lib/2.38.0/org.eclipse.xtend.lib-2.38.0.jar:/Users/sreekumarviswanathan/.m2/repository/org/apache/commons/commons-lang3/3.12.0/commons-lang3-3.12.0.jar:/Users/sreekumarviswanathan/.m2/repository/org/slf4j/log4j-over-slf4j/1.7.36/log4j-over-slf4j-1.7.36.jar:/Users/sreekumarviswanathan/.m2/repository/com/regnosys/rosetta-common/11.64.0/rosetta-common-11.64.0.jar:/Users/sreekumarviswanathan/.m2/repository/com/fasterxml/jackson/module/jackson-module-blackbird/2.13.5/jackson-module-blackbird-2.13.5.jar:/Users/sreekumarviswanathan/.m2/repository/com/fasterxml/jackson/datatype/jackson-datatype-guava/2.13.5/jackson-datatype-guava-2.13.5.jar:/Users/sreekumarviswanathan/.m2/repository/com/fasterxml/jackson/datatype/jackson-datatype-joda/2.13.5/jackson-datatype-joda-2.13.5.jar:/Users/sreekumarviswanathan/.m2/repository/com/fasterxml/jackson/dataformat/jackson-dataformat-yaml/2.13.5/jackson-dataformat-yaml-2.13.5.jar:/Users/sreekumarviswanathan/.m2/repository/com/fasterxml/jackson/dataformat/jackson-dataformat-xml/2.13.5/jackson-dataformat-xml-2.13.5.jar:/Users/sreekumarviswanathan/.m2/repository/com/google/guava/guava/33.3.1-jre/guava-33.3.1-jre.jar:/Users/sreekumarviswanathan/.m2/repository/commons-io/commons-io/2.11.0/commons-io-2.11.0.jar:/Users/sreekumarviswanathan/.m2/repository/com/opengamma/strata/strata-basics/1.7.0/strata-basics-1.7.0.jar:/Users/sreekumarviswanathan/.m2/repository/com/opengamma/strata/strata-collect/1.7.0/strata-collect-1.7.0.jar:/Users/sreekumarviswanathan/.m2/repository/org/joda/joda-beans/2.1/joda-beans-2.1.jar:/Users/sreekumarviswanathan/.m2/repository/org/joda/joda-convert/2.0/joda-convert-2.0.jar:/Users/sreekumarviswanathan/.m2/repository/org/jsoup/jsoup/1.15.3/jsoup-1.15.3.jar:/Users/sreekumarviswanathan/.m2/repository/com/regnosys/ingest-test-framework/11.64.0/ingest-test-framework-11.64.0.jar:/Users/sreekumarviswanathan/.m2/repository/org/eclipse/xtext/org.eclipse.xtext.xbase.lib/2.38.0/org.eclipse.xtext.xbase.lib-2.38.0.jar:/Users/sreekumarviswanathan/.m2/repository/org/eclipse/xtend/org.eclipse.xtend.lib.macro/2.38.0/org.eclipse.xtend.lib.macro-2.38.0.jar:/Users/sreekumarviswanathan/.m2/repository/joda-time/joda-time/2.10.14/joda-time-2.10.14.jar:/Users/sreekumarviswanathan/.m2/repository/org/codehaus/woodstox/stax2-api/4.2.2/stax2-api-4.2.2.jar:/Users/sreekumarviswanathan/.m2/repository/com/google/guava/failureaccess/1.0.2/failureaccess-1.0.2.jar:/Users/sreekumarviswanathan/.m2/repository/com/google/guava/listenablefuture/9999.0-empty-to-avoid-conflict-with-guava/listenablefuture-9999.0-empty-to-avoid-conflict-with-guava.jar:/Users/sreekumarviswanathan/.m2/repository/com/google/code/findbugs/jsr305/3.0.2/jsr305-3.0.2.jar:/Users/sreekumarviswanathan/.m2/repository/org/checkerframework/checker-qual/3.43.0/checker-qual-3.43.0.jar:/Users/sreekumarviswanathan/.m2/repository/com/google/errorprone/error_prone_annotations/2.28.0/error_prone_annotations-2.28.0.jar:/Users/sreekumarviswanathan/.m2/repository/com/google/j2objc/j2objc-annotations/3.0.0/j2objc-annotations-3.0.0.jar:/Users/sreekumarviswanathan/.m2/repository/javax/inject/javax.inject/1/javax.inject-1.jar:/Users/sreekumarviswanathan/.m2/repository/jakarta/inject/jakarta.inject-api/2.0.1/jakarta.inject-api-2.0.1.jar:/Users/sreekumarviswanathan/.m2/repository/aopalliance/aopalliance/1.0/aopalliance-1.0.jar:/Users/sreekumarviswanathan/.m2/repository/org/eclipse/jdt/org.eclipse.jdt.core/3.37.0/org.eclipse.jdt.core-3.37.0.jar:/Users/sreekumarviswanathan/.m2/repository/org/eclipse/platform/org.eclipse.core.resources/3.20.100/org.eclipse.core.resources-3.20.100.jar:/Users/sreekumarviswanathan/.m2/repository/org/eclipse/platform/org.eclipse.core.expressions/3.9.300/org.eclipse.core.expressions-3.9.300.jar:/Users/sreekumarviswanathan/.m2/repository/org/eclipse/platform/org.eclipse.core.runtime/3.31.0/org.eclipse.core.runtime-3.31.0.jar:/Users/sreekumarviswanathan/.m2/repository/org/eclipse/platform/org.eclipse.core.jobs/3.15.200/org.eclipse.core.jobs-3.15.200.jar:/Users/sreekumarviswanathan/.m2/repository/org/eclipse/platform/org.eclipse.equinox.registry/3.12.0/org.eclipse.equinox.registry-3.12.0.jar:/Users/sreekumarviswanathan/.m2/repository/org/eclipse/platform/org.eclipse.equinox.preferences/3.11.0/org.eclipse.equinox.preferences-3.11.0.jar:/Users/sreekumarviswanathan/.m2/repository/org/osgi/osgi.annotation/8.0.1/osgi.annotation-8.0.1.jar:/Users/sreekumarviswanathan/.m2/repository/org/eclipse/platform/org.eclipse.core.contenttype/3.9.300/org.eclipse.core.contenttype-3.9.300.jar:/Users/sreekumarviswanathan/.m2/repository/org/eclipse/platform/org.eclipse.equinox.app/1.7.0/org.eclipse.equinox.app-1.7.0.jar:/Users/sreekumarviswanathan/.m2/repository/org/eclipse/platform/org.eclipse.core.filesystem/1.10.300/org.eclipse.core.filesystem-1.10.300.jar:/Users/sreekumarviswanathan/.m2/repository/org/eclipse/platform/org.eclipse.text/3.14.0/org.eclipse.text-3.14.0.jar:/Users/sreekumarviswanathan/.m2/repository/org/eclipse/platform/org.eclipse.core.commands/3.12.0/org.eclipse.core.commands-3.12.0.jar:/Users/sreekumarviswanathan/.m2/repository/org/eclipse/jdt/ecj/3.37.0/ecj-3.37.0.jar:/Users/sreekumarviswanathan/.m2/repository/io/dropwizard/metrics/metrics-core/4.2.22/metrics-core-4.2.22.jar:/Users/sreekumarviswanathan/.m2/repository/org/eclipse/xtext/org.eclipse.xtext/2.38.0/org.eclipse.xtext-2.38.0.jar:/Users/sreekumarviswanathan/.m2/repository/org/eclipse/xtext/org.eclipse.xtext.util/2.38.0/org.eclipse.xtext.util-2.38.0.jar:/Users/sreekumarviswanathan/.m2/repository/org/eclipse/platform/org.eclipse.equinox.common/3.19.0/org.eclipse.equinox.common-3.19.0.jar:/Users/sreekumarviswanathan/.m2/repository/org/eclipse/platform/org.eclipse.osgi/3.19.0/org.eclipse.osgi-3.19.0.jar:/Users/sreekumarviswanathan/.m2/repository/org/antlr/antlr-runtime/3.2/antlr-runtime-3.2.jar:/Users/sreekumarviswanathan/.m2/repository/org/eclipse/emf/org.eclipse.emf.ecore.xcore.lib/1.7.0/org.eclipse.emf.ecore.xcore.lib-1.7.0.jar:/Users/sreekumarviswanathan/.m2/repository/org/eclipse/emf/org.eclipse.emf.common/2.41.0/org.eclipse.emf.common-2.41.0.jar:/Users/sreekumarviswanathan/.m2/repository/org/eclipse/lsp4j/org.eclipse.lsp4j/0.24.0/org.eclipse.lsp4j-0.24.0.jar:/Users/sreekumarviswanathan/.m2/repository/org/eclipse/lsp4j/org.eclipse.lsp4j.jsonrpc/0.24.0/org.eclipse.lsp4j.jsonrpc-0.24.0.jar:/Users/sreekumarviswanathan/.m2/repository/org/eclipse/xtext/org.eclipse.xtext.xbase/2.38.0/org.eclipse.xtext.xbase-2.38.0.jar:/Users/sreekumarviswanathan/.m2/repository/org/eclipse/xtext/org.eclipse.xtext.common.types/2.38.0/org.eclipse.xtext.common.types-2.38.0.jar:/Users/sreekumarviswanathan/.m2/repository/org/ow2/asm/asm/9.7.1/asm-9.7.1.jar:/Users/sreekumarviswanathan/.m2/repository/io/github/classgraph/classgraph/4.8.179/classgraph-4.8.179.jar:/Users/sreekumarviswanathan/.m2/repository/org/eclipse/emf/org.eclipse.emf.ecore.xcore/1.32.0/org.eclipse.emf.ecore.xcore-1.32.0.jar:/Users/sreekumarviswanathan/.m2/repository/org/eclipse/emf/org.eclipse.emf.ecore/2.38.0/org.eclipse.emf.ecore-2.38.0.jar:/Users/sreekumarviswanathan/.m2/repository/org/eclipse/emf/org.eclipse.emf.codegen.ecore.xtext/1.8.0/org.eclipse.emf.codegen.ecore.xtext-1.8.0.jar:/Users/sreekumarviswanathan/.m2/repository/org/eclipse/emf/org.eclipse.emf.codegen.ecore/2.41.0/org.eclipse.emf.codegen.ecore-2.41.0.jar:/Users/sreekumarviswanathan/.m2/repository/org/eclipse/emf/org.eclipse.emf.codegen/2.25.0/org.eclipse.emf.codegen-2.25.0.jar:/Users/sreekumarviswanathan/.m2/repository/org/eclipse/emf/org.eclipse.emf.ecore.xmi/2.38.0/org.eclipse.emf.ecore.xmi-2.38.0.jar:/Users/sreekumarviswanathan/.m2/repository/org/eclipse/emf/org.eclipse.emf.mwe2.launch/2.21.0/org.eclipse.emf.mwe2.launch-2.21.0.jar:/Users/sreekumarviswanathan/.m2/repository/org/eclipse/emf/org.eclipse.emf.mwe2.runtime/2.21.0/org.eclipse.emf.mwe2.runtime-2.21.0.jar:/Users/sreekumarviswanathan/.m2/repository/org/eclipse/emf/org.eclipse.emf.mwe2.language/2.21.0/org.eclipse.emf.mwe2.language-2.21.0.jar:/Users/sreekumarviswanathan/.m2/repository/org/eclipse/xtext/org.eclipse.xtext.xtext.generator/2.38.0/org.eclipse.xtext.xtext.generator-2.38.0.jar:/Users/sreekumarviswanathan/.m2/repository/org/eclipse/emf/org.eclipse.emf.mwe.utils/1.15.0/org.eclipse.emf.mwe.utils-1.15.0.jar:/Users/sreekumarviswanathan/.m2/repository/org/eclipse/emf/org.eclipse.emf.mwe.core/1.15.0/org.eclipse.emf.mwe.core-1.15.0.jar:/Users/sreekumarviswanathan/.m2/repository/commons-logging/commons-logging/1.3.4/commons-logging-1.3.4.jar:/Users/sreekumarviswanathan/.m2/repository/org/eclipse/emf/org.eclipse.emf.mwe2.lib/2.21.0/org.eclipse.emf.mwe2.lib-2.21.0.jar:/Users/sreekumarviswanathan/.m2/repository/org/eclipse/platform/org.eclipse.core.variables/3.6.300/org.eclipse.core.variables-3.6.300.jar:/Users/sreekumarviswanathan/.m2/repository/org/eclipse/jdt/org.eclipse.jdt.debug/3.21.300/org.eclipse.jdt.debug-3.21.300.jar:/Users/sreekumarviswanathan/.m2/repository/org/eclipse/platform/org.eclipse.debug.core/3.21.300/org.eclipse.debug.core-3.21.300.jar:/Users/sreekumarviswanathan/.m2/repository/org/eclipse/jdt/org.eclipse.jdt.launching/3.21.100/org.eclipse.jdt.launching-3.21.100.jar:/Users/sreekumarviswanathan/.m2/repository/org/eclipse/jdt/org.eclipse.jdt.launching.macosx/3.6.200/org.eclipse.jdt.launching.macosx-3.6.200.jar:/Users/sreekumarviswanathan/.m2/repository/ch/qos/logback/logback-classic/1.2.12/logback-classic-1.2.12.jar:/Users/sreekumarviswanathan/.m2/repository/ch/qos/logback/logback-core/1.2.12/logback-core-1.2.12.jar:/Users/sreekumarviswanathan/.m2/repository/commons-cli/commons-cli/1.4/commons-cli-1.4.jar:/Users/sreekumarviswanathan/.m2/repository/org/apache/commons/commons-text/1.12.0/commons-text-1.12.0.jar:/Users/sreekumarviswanathan/.m2/repository/org/apache/xmlbeans/xmlbeans/3.0.2/xmlbeans-3.0.2.jar:/Users/sreekumarviswanathan/.m2/repository/org/junit/jupiter/junit-jupiter-api/5.8.2/junit-jupiter-api-5.8.2.jar:/Users/sreekumarviswanathan/.m2/repository/org/opentest4j/opentest4j/1.3.0/opentest4j-1.3.0.jar:/Users/sreekumarviswanathan/.m2/repository/org/junit/platform/junit-platform-commons/1.8.2/junit-platform-commons-1.8.2.jar:/Users/sreekumarviswanathan/.m2/repository/org/apiguardian/apiguardian-api/1.1.2/apiguardian-api-1.1.2.jar:/Users/sreekumarviswanathan/.m2/repository/org/junit/jupiter/junit-jupiter-params/5.8.2/junit-jupiter-params-5.8.2.jar:/Users/sreekumarviswanathan/.m2/repository/org/junit/jupiter/junit-jupiter-engine/5.8.2/junit-jupiter-engine-5.8.2.jar:/Users/sreekumarviswanathan/.m2/repository/org/junit/platform/junit-platform-engine/1.8.2/junit-platform-engine-1.8.2.jar:/Users/sreekumarviswanathan/.m2/repository/com/regnosys/rosetta/com.regnosys.rosetta/9.54.0/com.regnosys.rosetta-9.54.0.jar:/Users/sreekumarviswanathan/.m2/repository/com/finos/synthetics/synthetics-common/1.0.0-SNAPSHOT/synthetics-common-1.0.0-SNAPSHOT.jar:/Users/sreekumarviswanathan/.m2/repository/com/google/code/gson/gson/2.9.1/gson-2.9.1.jar:/Users/sreekumarviswanathan/.m2/repository/com/fasterxml/jackson/datatype/jackson-datatype-jsr310/2.13.5/jackson-datatype-jsr310-2.13.5.jar:/Users/sreekumarviswanathan/.m2/repository/com/fasterxml/jackson/core/jackson-annotations/2.13.5/jackson-annotations-2.13.5.jar:/Users/sreekumarviswanathan/.m2/repository/com/fasterxml/jackson/core/jackson-core/2.13.5/jackson-core-2.13.5.jar:/Users/sreekumarviswanathan/.m2/repository/com/fasterxml/jackson/core/jackson-databind/2.13.5/jackson-databind-2.13.5.jar:/Users/sreekumarviswanathan/.m2/repository/org/slf4j/slf4j-api/1.7.36/slf4j-api-1.7.36.jar:/Users/sreekumarviswanathan/.m2/repository/org/springframework/boot/spring-boot-starter-test/2.7.18/spring-boot-starter-test-2.7.18.jar:/Users/sreekumarviswanathan/.m2/repository/org/springframework/boot/spring-boot-test/2.7.18/spring-boot-test-2.7.18.jar:/Users/sreekumarviswanathan/.m2/repository/org/springframework/boot/spring-boot-test-autoconfigure/2.7.18/spring-boot-test-autoconfigure-2.7.18.jar:/Users/sreekumarviswanathan/.m2/repository/com/jayway/jsonpath/json-path/2.7.0/json-path-2.7.0.jar:/Users/sreekumarviswanathan/.m2/repository/net/minidev/json-smart/2.4.11/json-smart-2.4.11.jar:/Users/sreekumarviswanathan/.m2/repository/net/minidev/accessors-smart/2.4.11/accessors-smart-2.4.11.jar:/Users/sreekumarviswanathan/.m2/repository/jakarta/xml/bind/jakarta.xml.bind-api/2.3.3/jakarta.xml.bind-api-2.3.3.jar:/Users/sreekumarviswanathan/.m2/repository/jakarta/activation/jakarta.activation-api/1.2.2/jakarta.activation-api-1.2.2.jar:/Users/sreekumarviswanathan/.m2/repository/org/assertj/assertj-core/3.22.0/assertj-core-3.22.0.jar:/Users/sreekumarviswanathan/.m2/repository/org/hamcrest/hamcrest/2.2/hamcrest-2.2.jar:/Users/sreekumarviswanathan/.m2/repository/org/junit/jupiter/junit-jupiter/5.8.2/junit-jupiter-5.8.2.jar:/Users/sreekumarviswanathan/.m2/repository/org/mockito/mockito-core/4.5.1/mockito-core-4.5.1.jar:/Users/sreekumarviswanathan/.m2/repository/net/bytebuddy/byte-buddy/1.12.23/byte-buddy-1.12.23.jar:/Users/sreekumarviswanathan/.m2/repository/net/bytebuddy/byte-buddy-agent/1.12.23/byte-buddy-agent-1.12.23.jar:/Users/sreekumarviswanathan/.m2/repository/org/objenesis/objenesis/3.2/objenesis-3.2.jar:/Users/sreekumarviswanathan/.m2/repository/org/mockito/mockito-junit-jupiter/4.5.1/mockito-junit-jupiter-4.5.1.jar:/Users/sreekumarviswanathan/.m2/repository/org/skyscreamer/jsonassert/1.5.1/jsonassert-1.5.1.jar:/Users/sreekumarviswanathan/.m2/repository/com/vaadin/external/google/android-json/0.0.20131108.vaadin1/android-json-0.0.20131108.vaadin1.jar:/Users/sreekumarviswanathan/.m2/repository/org/springframework/spring-core/5.3.31/spring-core-5.3.31.jar:/Users/sreekumarviswanathan/.m2/repository/org/springframework/spring-jcl/5.3.31/spring-jcl-5.3.31.jar:/Users/sreekumarviswanathan/.m2/repository/org/springframework/spring-test/5.3.31/spring-test-5.3.31.jar:/Users/sreekumarviswanathan/.m2/repository/org/xmlunit/xmlunit-core/2.9.1/xmlunit-core-2.9.1.jar:"/>
    <property name="java.vm.vendor" value="Eclipse Adoptium"/>
    <property name="sun.arch.data.model" value="64"/>
    <property name="java.vendor.url" value="https://adoptium.net/"/>
    <property name="user.timezone" value="America/New_York"/>
    <property name="os.name" value="Mac OS X"/>
    <property name="java.vm.specification.version" value="21"/>
    <property name="sun.java.launcher" value="SUN_STANDARD"/>
    <property name="user.country" value="US"/>
    <property name="sun.boot.library.path" value="/Users/sreekumarviswanathan/.sdkman/candidates/java/21.0.3-tem/lib"/>
    <property name="sun.java.command" value="/Users/sreekumarviswanathan/ai-projects-cursor/equity-swaps-poc/synthetics-instruction-service/target/surefire/surefirebooter-20250801222405182_3.jar /Users/sreekumarviswanathan/ai-projects-cursor/equity-swaps-poc/synthetics-instruction-service/target/surefire 2025-08-01T22-24-05_151-jvmRun1 surefire-20250801222405182_1tmp surefire_0-20250801222405182_2tmp"/>
    <property name="http.nonProxyHosts" value="local|*.local|169.254/16|*.169.254/16"/>
    <property name="jdk.debug" value="release"/>
    <property name="test" value="InstructionServiceIntegrationTest"/>
    <property name="surefire.test.class.path" value="/Users/sreekumarviswanathan/ai-projects-cursor/equity-swaps-poc/synthetics-instruction-service/target/test-classes:/Users/sreekumarviswanathan/ai-projects-cursor/equity-swaps-poc/synthetics-instruction-service/target/classes:/Users/sreekumarviswanathan/.m2/repository/org/springframework/boot/spring-boot-starter-web/2.7.18/spring-boot-starter-web-2.7.18.jar:/Users/sreekumarviswanathan/.m2/repository/org/springframework/boot/spring-boot-starter/2.7.18/spring-boot-starter-2.7.18.jar:/Users/sreekumarviswanathan/.m2/repository/org/springframework/boot/spring-boot/2.7.18/spring-boot-2.7.18.jar:/Users/sreekumarviswanathan/.m2/repository/org/springframework/boot/spring-boot-autoconfigure/2.7.18/spring-boot-autoconfigure-2.7.18.jar:/Users/sreekumarviswanathan/.m2/repository/org/springframework/boot/spring-boot-starter-logging/2.7.18/spring-boot-starter-logging-2.7.18.jar:/Users/sreekumarviswanathan/.m2/repository/org/apache/logging/log4j/log4j-to-slf4j/2.17.2/log4j-to-slf4j-2.17.2.jar:/Users/sreekumarviswanathan/.m2/repository/org/apache/logging/log4j/log4j-api/2.17.2/log4j-api-2.17.2.jar:/Users/sreekumarviswanathan/.m2/repository/org/slf4j/jul-to-slf4j/1.7.36/jul-to-slf4j-1.7.36.jar:/Users/sreekumarviswanathan/.m2/repository/jakarta/annotation/jakarta.annotation-api/1.3.5/jakarta.annotation-api-1.3.5.jar:/Users/sreekumarviswanathan/.m2/repository/org/yaml/snakeyaml/1.30/snakeyaml-1.30.jar:/Users/sreekumarviswanathan/.m2/repository/org/springframework/boot/spring-boot-starter-json/2.7.18/spring-boot-starter-json-2.7.18.jar:/Users/sreekumarviswanathan/.m2/repository/com/fasterxml/jackson/datatype/jackson-datatype-jdk8/2.13.5/jackson-datatype-jdk8-2.13.5.jar:/Users/sreekumarviswanathan/.m2/repository/com/fasterxml/jackson/module/jackson-module-parameter-names/2.13.5/jackson-module-parameter-names-2.13.5.jar:/Users/sreekumarviswanathan/.m2/repository/org/springframework/boot/spring-boot-starter-tomcat/2.7.18/spring-boot-starter-tomcat-2.7.18.jar:/Users/sreekumarviswanathan/.m2/repository/org/apache/tomcat/embed/tomcat-embed-core/9.0.83/tomcat-embed-core-9.0.83.jar:/Users/sreekumarviswanathan/.m2/repository/org/apache/tomcat/embed/tomcat-embed-websocket/9.0.83/tomcat-embed-websocket-9.0.83.jar:/Users/sreekumarviswanathan/.m2/repository/org/springframework/spring-web/5.3.31/spring-web-5.3.31.jar:/Users/sreekumarviswanathan/.m2/repository/org/springframework/spring-beans/5.3.31/spring-beans-5.3.31.jar:/Users/sreekumarviswanathan/.m2/repository/org/springframework/spring-webmvc/5.3.31/spring-webmvc-5.3.31.jar:/Users/sreekumarviswanathan/.m2/repository/org/springframework/spring-aop/5.3.31/spring-aop-5.3.31.jar:/Users/sreekumarviswanathan/.m2/repository/org/springframework/spring-context/5.3.31/spring-context-5.3.31.jar:/Users/sreekumarviswanathan/.m2/repository/org/springframework/spring-expression/5.3.31/spring-expression-5.3.31.jar:/Users/sreekumarviswanathan/.m2/repository/org/springframework/boot/spring-boot-starter-actuator/2.7.18/spring-boot-starter-actuator-2.7.18.jar:/Users/sreekumarviswanathan/.m2/repository/org/springframework/boot/spring-boot-actuator-autoconfigure/2.7.18/spring-boot-actuator-autoconfigure-2.7.18.jar:/Users/sreekumarviswanathan/.m2/repository/org/springframework/boot/spring-boot-actuator/2.7.18/spring-boot-actuator-2.7.18.jar:/Users/sreekumarviswanathan/.m2/repository/io/micrometer/micrometer-core/1.9.17/micrometer-core-1.9.17.jar:/Users/sreekumarviswanathan/.m2/repository/org/hdrhistogram/HdrHistogram/2.1.12/HdrHistogram-2.1.12.jar:/Users/sreekumarviswanathan/.m2/repository/org/latencyutils/LatencyUtils/2.0.3/LatencyUtils-2.0.3.jar:/Users/sreekumarviswanathan/.m2/repository/org/springframework/cloud/spring-cloud-starter-openfeign/3.1.8/spring-cloud-starter-openfeign-3.1.8.jar:/Users/sreekumarviswanathan/.m2/repository/org/springframework/cloud/spring-cloud-starter/3.1.7/spring-cloud-starter-3.1.7.jar:/Users/sreekumarviswanathan/.m2/repository/org/springframework/cloud/spring-cloud-context/3.1.7/spring-cloud-context-3.1.7.jar:/Users/sreekumarviswanathan/.m2/repository/org/springframework/security/spring-security-rsa/1.0.11.RELEASE/spring-security-rsa-1.0.11.RELEASE.jar:/Users/sreekumarviswanathan/.m2/repository/org/bouncycastle/bcpkix-jdk15on/1.69/bcpkix-jdk15on-1.69.jar:/Users/sreekumarviswanathan/.m2/repository/org/bouncycastle/bcprov-jdk15on/1.69/bcprov-jdk15on-1.69.jar:/Users/sreekumarviswanathan/.m2/repository/org/bouncycastle/bcutil-jdk15on/1.69/bcutil-jdk15on-1.69.jar:/Users/sreekumarviswanathan/.m2/repository/org/springframework/cloud/spring-cloud-openfeign-core/3.1.8/spring-cloud-openfeign-core-3.1.8.jar:/Users/sreekumarviswanathan/.m2/repository/org/springframework/boot/spring-boot-starter-aop/2.7.18/spring-boot-starter-aop-2.7.18.jar:/Users/sreekumarviswanathan/.m2/repository/org/aspectj/aspectjweaver/1.9.7/aspectjweaver-1.9.7.jar:/Users/sreekumarviswanathan/.m2/repository/io/github/openfeign/form/feign-form-spring/3.8.0/feign-form-spring-3.8.0.jar:/Users/sreekumarviswanathan/.m2/repository/io/github/openfeign/form/feign-form/3.8.0/feign-form-3.8.0.jar:/Users/sreekumarviswanathan/.m2/repository/commons-fileupload/commons-fileupload/1.5/commons-fileupload-1.5.jar:/Users/sreekumarviswanathan/.m2/repository/org/springframework/cloud/spring-cloud-commons/3.1.7/spring-cloud-commons-3.1.7.jar:/Users/sreekumarviswanathan/.m2/repository/org/springframework/security/spring-security-crypto/5.7.11/spring-security-crypto-5.7.11.jar:/Users/sreekumarviswanathan/.m2/repository/io/github/openfeign/feign-core/11.10/feign-core-11.10.jar:/Users/sreekumarviswanathan/.m2/repository/io/github/openfeign/feign-slf4j/11.10/feign-slf4j-11.10.jar:/Users/sreekumarviswanathan/.m2/repository/org/springframework/cloud/spring-cloud-starter-netflix-eureka-client/3.1.7/spring-cloud-starter-netflix-eureka-client-3.1.7.jar:/Users/sreekumarviswanathan/.m2/repository/org/springframework/cloud/spring-cloud-netflix-eureka-client/3.1.7/spring-cloud-netflix-eureka-client-3.1.7.jar:/Users/sreekumarviswanathan/.m2/repository/com/netflix/eureka/eureka-client/1.10.17/eureka-client-1.10.17.jar:/Users/sreekumarviswanathan/.m2/repository/com/netflix/netflix-commons/netflix-eventbus/0.3.0/netflix-eventbus-0.3.0.jar:/Users/sreekumarviswanathan/.m2/repository/com/netflix/netflix-commons/netflix-infix/0.3.0/netflix-infix-0.3.0.jar:/Users/sreekumarviswanathan/.m2/repository/commons-jxpath/commons-jxpath/1.3/commons-jxpath-1.3.jar:/Users/sreekumarviswanathan/.m2/repository/org/apache/commons/commons-math/2.2/commons-math-2.2.jar:/Users/sreekumarviswanathan/.m2/repository/com/thoughtworks/xstream/xstream/1.4.18/xstream-1.4.18.jar:/Users/sreekumarviswanathan/.m2/repository/io/github/x-stream/mxparser/1.2.2/mxparser-1.2.2.jar:/Users/sreekumarviswanathan/.m2/repository/xmlpull/xmlpull/1.1.3.1/xmlpull-1.1.3.1.jar:/Users/sreekumarviswanathan/.m2/repository/javax/ws/rs/jsr311-api/1.1.1/jsr311-api-1.1.1.jar:/Users/sreekumarviswanathan/.m2/repository/com/netflix/servo/servo-core/0.12.21/servo-core-0.12.21.jar:/Users/sreekumarviswanathan/.m2/repository/org/apache/httpcomponents/httpclient/4.5.14/httpclient-4.5.14.jar:/Users/sreekumarviswanathan/.m2/repository/org/apache/httpcomponents/httpcore/4.4.16/httpcore-4.4.16.jar:/Users/sreekumarviswanathan/.m2/repository/commons-codec/commons-codec/1.15/commons-codec-1.15.jar:/Users/sreekumarviswanathan/.m2/repository/commons-configuration/commons-configuration/1.10/commons-configuration-1.10.jar:/Users/sreekumarviswanathan/.m2/repository/commons-lang/commons-lang/2.6/commons-lang-2.6.jar:/Users/sreekumarviswanathan/.m2/repository/com/google/inject/guice/4.1.0/guice-4.1.0.jar:/Users/sreekumarviswanathan/.m2/repository/org/codehaus/jettison/jettison/1.4.0/jettison-1.4.0.jar:/Users/sreekumarviswanathan/.m2/repository/com/netflix/eureka/eureka-core/1.10.17/eureka-core-1.10.17.jar:/Users/sreekumarviswanathan/.m2/repository/com/fasterxml/woodstox/woodstox-core/6.2.1/woodstox-core-6.2.1.jar:/Users/sreekumarviswanathan/.m2/repository/org/springframework/cloud/spring-cloud-starter-loadbalancer/3.1.7/spring-cloud-starter-loadbalancer-3.1.7.jar:/Users/sreekumarviswanathan/.m2/repository/org/springframework/cloud/spring-cloud-loadbalancer/3.1.7/spring-cloud-loadbalancer-3.1.7.jar:/Users/sreekumarviswanathan/.m2/repository/io/projectreactor/reactor-core/3.4.34/reactor-core-3.4.34.jar:/Users/sreekumarviswanathan/.m2/repository/org/reactivestreams/reactive-streams/1.0.4/reactive-streams-1.0.4.jar:/Users/sreekumarviswanathan/.m2/repository/io/projectreactor/addons/reactor-extra/3.4.10/reactor-extra-3.4.10.jar:/Users/sreekumarviswanathan/.m2/repository/org/springframework/boot/spring-boot-starter-cache/2.7.18/spring-boot-starter-cache-2.7.18.jar:/Users/sreekumarviswanathan/.m2/repository/org/springframework/spring-context-support/5.3.31/spring-context-support-5.3.31.jar:/Users/sreekumarviswanathan/.m2/repository/com/stoyanr/evictor/1.0.0/evictor-1.0.0.jar:/Users/sreekumarviswanathan/.m2/repository/org/springframework/boot/spring-boot-starter-validation/2.7.18/spring-boot-starter-validation-2.7.18.jar:/Users/sreekumarviswanathan/.m2/repository/org/apache/tomcat/embed/tomcat-embed-el/9.0.83/tomcat-embed-el-9.0.83.jar:/Users/sreekumarviswanathan/.m2/repository/org/hibernate/validator/hibernate-validator/6.2.5.Final/hibernate-validator-6.2.5.Final.jar:/Users/sreekumarviswanathan/.m2/repository/jakarta/validation/jakarta.validation-api/2.0.2/jakarta.validation-api-2.0.2.jar:/Users/sreekumarviswanathan/.m2/repository/org/jboss/logging/jboss-logging/3.4.3.Final/jboss-logging-3.4.3.Final.jar:/Users/sreekumarviswanathan/.m2/repository/com/fasterxml/classmate/1.5.1/classmate-1.5.1.jar:/Users/sreekumarviswanathan/.m2/repository/org/finos/cdm/cdm-java/7.0.0-dev.14/cdm-java-7.0.0-dev.14.jar:/Users/sreekumarviswanathan/.m2/repository/com/regnosys/rosetta/com.regnosys.rosetta.lib/9.54.0/com.regnosys.rosetta.lib-9.54.0.jar:/Users/sreekumarviswanathan/.m2/repository/org/eclipse/xtend/org.eclipse.xtend.lib/2.38.0/org.eclipse.xtend.lib-2.38.0.jar:/Users/sreekumarviswanathan/.m2/repository/org/apache/commons/commons-lang3/3.12.0/commons-lang3-3.12.0.jar:/Users/sreekumarviswanathan/.m2/repository/org/slf4j/log4j-over-slf4j/1.7.36/log4j-over-slf4j-1.7.36.jar:/Users/sreekumarviswanathan/.m2/repository/com/regnosys/rosetta-common/11.64.0/rosetta-common-11.64.0.jar:/Users/sreekumarviswanathan/.m2/repository/com/fasterxml/jackson/module/jackson-module-blackbird/2.13.5/jackson-module-blackbird-2.13.5.jar:/Users/sreekumarviswanathan/.m2/repository/com/fasterxml/jackson/datatype/jackson-datatype-guava/2.13.5/jackson-datatype-guava-2.13.5.jar:/Users/sreekumarviswanathan/.m2/repository/com/fasterxml/jackson/datatype/jackson-datatype-joda/2.13.5/jackson-datatype-joda-2.13.5.jar:/Users/sreekumarviswanathan/.m2/repository/com/fasterxml/jackson/dataformat/jackson-dataformat-yaml/2.13.5/jackson-dataformat-yaml-2.13.5.jar:/Users/sreekumarviswanathan/.m2/repository/com/fasterxml/jackson/dataformat/jackson-dataformat-xml/2.13.5/jackson-dataformat-xml-2.13.5.jar:/Users/sreekumarviswanathan/.m2/repository/com/google/guava/guava/33.3.1-jre/guava-33.3.1-jre.jar:/Users/sreekumarviswanathan/.m2/repository/commons-io/commons-io/2.11.0/commons-io-2.11.0.jar:/Users/sreekumarviswanathan/.m2/repository/com/opengamma/strata/strata-basics/1.7.0/strata-basics-1.7.0.jar:/Users/sreekumarviswanathan/.m2/repository/com/opengamma/strata/strata-collect/1.7.0/strata-collect-1.7.0.jar:/Users/sreekumarviswanathan/.m2/repository/org/joda/joda-beans/2.1/joda-beans-2.1.jar:/Users/sreekumarviswanathan/.m2/repository/org/joda/joda-convert/2.0/joda-convert-2.0.jar:/Users/sreekumarviswanathan/.m2/repository/org/jsoup/jsoup/1.15.3/jsoup-1.15.3.jar:/Users/sreekumarviswanathan/.m2/repository/com/regnosys/ingest-test-framework/11.64.0/ingest-test-framework-11.64.0.jar:/Users/sreekumarviswanathan/.m2/repository/org/eclipse/xtext/org.eclipse.xtext.xbase.lib/2.38.0/org.eclipse.xtext.xbase.lib-2.38.0.jar:/Users/sreekumarviswanathan/.m2/repository/org/eclipse/xtend/org.eclipse.xtend.lib.macro/2.38.0/org.eclipse.xtend.lib.macro-2.38.0.jar:/Users/sreekumarviswanathan/.m2/repository/joda-time/joda-time/2.10.14/joda-time-2.10.14.jar:/Users/sreekumarviswanathan/.m2/repository/org/codehaus/woodstox/stax2-api/4.2.2/stax2-api-4.2.2.jar:/Users/sreekumarviswanathan/.m2/repository/com/google/guava/failureaccess/1.0.2/failureaccess-1.0.2.jar:/Users/sreekumarviswanathan/.m2/repository/com/google/guava/listenablefuture/9999.0-empty-to-avoid-conflict-with-guava/listenablefuture-9999.0-empty-to-avoid-conflict-with-guava.jar:/Users/sreekumarviswanathan/.m2/repository/com/google/code/findbugs/jsr305/3.0.2/jsr305-3.0.2.jar:/Users/sreekumarviswanathan/.m2/repository/org/checkerframework/checker-qual/3.43.0/checker-qual-3.43.0.jar:/Users/sreekumarviswanathan/.m2/repository/com/google/errorprone/error_prone_annotations/2.28.0/error_prone_annotations-2.28.0.jar:/Users/sreekumarviswanathan/.m2/repository/com/google/j2objc/j2objc-annotations/3.0.0/j2objc-annotations-3.0.0.jar:/Users/sreekumarviswanathan/.m2/repository/javax/inject/javax.inject/1/javax.inject-1.jar:/Users/sreekumarviswanathan/.m2/repository/jakarta/inject/jakarta.inject-api/2.0.1/jakarta.inject-api-2.0.1.jar:/Users/sreekumarviswanathan/.m2/repository/aopalliance/aopalliance/1.0/aopalliance-1.0.jar:/Users/sreekumarviswanathan/.m2/repository/org/eclipse/jdt/org.eclipse.jdt.core/3.37.0/org.eclipse.jdt.core-3.37.0.jar:/Users/sreekumarviswanathan/.m2/repository/org/eclipse/platform/org.eclipse.core.resources/3.20.100/org.eclipse.core.resources-3.20.100.jar:/Users/sreekumarviswanathan/.m2/repository/org/eclipse/platform/org.eclipse.core.expressions/3.9.300/org.eclipse.core.expressions-3.9.300.jar:/Users/sreekumarviswanathan/.m2/repository/org/eclipse/platform/org.eclipse.core.runtime/3.31.0/org.eclipse.core.runtime-3.31.0.jar:/Users/sreekumarviswanathan/.m2/repository/org/eclipse/platform/org.eclipse.core.jobs/3.15.200/org.eclipse.core.jobs-3.15.200.jar:/Users/sreekumarviswanathan/.m2/repository/org/eclipse/platform/org.eclipse.equinox.registry/3.12.0/org.eclipse.equinox.registry-3.12.0.jar:/Users/sreekumarviswanathan/.m2/repository/org/eclipse/platform/org.eclipse.equinox.preferences/3.11.0/org.eclipse.equinox.preferences-3.11.0.jar:/Users/sreekumarviswanathan/.m2/repository/org/osgi/osgi.annotation/8.0.1/osgi.annotation-8.0.1.jar:/Users/sreekumarviswanathan/.m2/repository/org/eclipse/platform/org.eclipse.core.contenttype/3.9.300/org.eclipse.core.contenttype-3.9.300.jar:/Users/sreekumarviswanathan/.m2/repository/org/eclipse/platform/org.eclipse.equinox.app/1.7.0/org.eclipse.equinox.app-1.7.0.jar:/Users/sreekumarviswanathan/.m2/repository/org/eclipse/platform/org.eclipse.core.filesystem/1.10.300/org.eclipse.core.filesystem-1.10.300.jar:/Users/sreekumarviswanathan/.m2/repository/org/eclipse/platform/org.eclipse.text/3.14.0/org.eclipse.text-3.14.0.jar:/Users/sreekumarviswanathan/.m2/repository/org/eclipse/platform/org.eclipse.core.commands/3.12.0/org.eclipse.core.commands-3.12.0.jar:/Users/sreekumarviswanathan/.m2/repository/org/eclipse/jdt/ecj/3.37.0/ecj-3.37.0.jar:/Users/sreekumarviswanathan/.m2/repository/io/dropwizard/metrics/metrics-core/4.2.22/metrics-core-4.2.22.jar:/Users/sreekumarviswanathan/.m2/repository/org/eclipse/xtext/org.eclipse.xtext/2.38.0/org.eclipse.xtext-2.38.0.jar:/Users/sreekumarviswanathan/.m2/repository/org/eclipse/xtext/org.eclipse.xtext.util/2.38.0/org.eclipse.xtext.util-2.38.0.jar:/Users/sreekumarviswanathan/.m2/repository/org/eclipse/platform/org.eclipse.equinox.common/3.19.0/org.eclipse.equinox.common-3.19.0.jar:/Users/sreekumarviswanathan/.m2/repository/org/eclipse/platform/org.eclipse.osgi/3.19.0/org.eclipse.osgi-3.19.0.jar:/Users/sreekumarviswanathan/.m2/repository/org/antlr/antlr-runtime/3.2/antlr-runtime-3.2.jar:/Users/sreekumarviswanathan/.m2/repository/org/eclipse/emf/org.eclipse.emf.ecore.xcore.lib/1.7.0/org.eclipse.emf.ecore.xcore.lib-1.7.0.jar:/Users/sreekumarviswanathan/.m2/repository/org/eclipse/emf/org.eclipse.emf.common/2.41.0/org.eclipse.emf.common-2.41.0.jar:/Users/sreekumarviswanathan/.m2/repository/org/eclipse/lsp4j/org.eclipse.lsp4j/0.24.0/org.eclipse.lsp4j-0.24.0.jar:/Users/sreekumarviswanathan/.m2/repository/org/eclipse/lsp4j/org.eclipse.lsp4j.jsonrpc/0.24.0/org.eclipse.lsp4j.jsonrpc-0.24.0.jar:/Users/sreekumarviswanathan/.m2/repository/org/eclipse/xtext/org.eclipse.xtext.xbase/2.38.0/org.eclipse.xtext.xbase-2.38.0.jar:/Users/sreekumarviswanathan/.m2/repository/org/eclipse/xtext/org.eclipse.xtext.common.types/2.38.0/org.eclipse.xtext.common.types-2.38.0.jar:/Users/sreekumarviswanathan/.m2/repository/org/ow2/asm/asm/9.7.1/asm-9.7.1.jar:/Users/sreekumarviswanathan/.m2/repository/io/github/classgraph/classgraph/4.8.179/classgraph-4.8.179.jar:/Users/sreekumarviswanathan/.m2/repository/org/eclipse/emf/org.eclipse.emf.ecore.xcore/1.32.0/org.eclipse.emf.ecore.xcore-1.32.0.jar:/Users/sreekumarviswanathan/.m2/repository/org/eclipse/emf/org.eclipse.emf.ecore/2.38.0/org.eclipse.emf.ecore-2.38.0.jar:/Users/sreekumarviswanathan/.m2/repository/org/eclipse/emf/org.eclipse.emf.codegen.ecore.xtext/1.8.0/org.eclipse.emf.codegen.ecore.xtext-1.8.0.jar:/Users/sreekumarviswanathan/.m2/repository/org/eclipse/emf/org.eclipse.emf.codegen.ecore/2.41.0/org.eclipse.emf.codegen.ecore-2.41.0.jar:/Users/sreekumarviswanathan/.m2/repository/org/eclipse/emf/org.eclipse.emf.codegen/2.25.0/org.eclipse.emf.codegen-2.25.0.jar:/Users/sreekumarviswanathan/.m2/repository/org/eclipse/emf/org.eclipse.emf.ecore.xmi/2.38.0/org.eclipse.emf.ecore.xmi-2.38.0.jar:/Users/sreekumarviswanathan/.m2/repository/org/eclipse/emf/org.eclipse.emf.mwe2.launch/2.21.0/org.eclipse.emf.mwe2.launch-2.21.0.jar:/Users/sreekumarviswanathan/.m2/repository/org/eclipse/emf/org.eclipse.emf.mwe2.runtime/2.21.0/org.eclipse.emf.mwe2.runtime-2.21.0.jar:/Users/sreekumarviswanathan/.m2/repository/org/eclipse/emf/org.eclipse.emf.mwe2.language/2.21.0/org.eclipse.emf.mwe2.language-2.21.0.jar:/Users/sreekumarviswanathan/.m2/repository/org/eclipse/xtext/org.eclipse.xtext.xtext.generator/2.38.0/org.eclipse.xtext.xtext.generator-2.38.0.jar:/Users/sreekumarviswanathan/.m2/repository/org/eclipse/emf/org.eclipse.emf.mwe.utils/1.15.0/org.eclipse.emf.mwe.utils-1.15.0.jar:/Users/sreekumarviswanathan/.m2/repository/org/eclipse/emf/org.eclipse.emf.mwe.core/1.15.0/org.eclipse.emf.mwe.core-1.15.0.jar:/Users/sreekumarviswanathan/.m2/repository/commons-logging/commons-logging/1.3.4/commons-logging-1.3.4.jar:/Users/sreekumarviswanathan/.m2/repository/org/eclipse/emf/org.eclipse.emf.mwe2.lib/2.21.0/org.eclipse.emf.mwe2.lib-2.21.0.jar:/Users/sreekumarviswanathan/.m2/repository/org/eclipse/platform/org.eclipse.core.variables/3.6.300/org.eclipse.core.variables-3.6.300.jar:/Users/sreekumarviswanathan/.m2/repository/org/eclipse/jdt/org.eclipse.jdt.debug/3.21.300/org.eclipse.jdt.debug-3.21.300.jar:/Users/sreekumarviswanathan/.m2/repository/org/eclipse/platform/org.eclipse.debug.core/3.21.300/org.eclipse.debug.core-3.21.300.jar:/Users/sreekumarviswanathan/.m2/repository/org/eclipse/jdt/org.eclipse.jdt.launching/3.21.100/org.eclipse.jdt.launching-3.21.100.jar:/Users/sreekumarviswanathan/.m2/repository/org/eclipse/jdt/org.eclipse.jdt.launching.macosx/3.6.200/org.eclipse.jdt.launching.macosx-3.6.200.jar:/Users/sreekumarviswanathan/.m2/repository/ch/qos/logback/logback-classic/1.2.12/logback-classic-1.2.12.jar:/Users/sreekumarviswanathan/.m2/repository/ch/qos/logback/logback-core/1.2.12/logback-core-1.2.12.jar:/Users/sreekumarviswanathan/.m2/repository/commons-cli/commons-cli/1.4/commons-cli-1.4.jar:/Users/sreekumarviswanathan/.m2/repository/org/apache/commons/commons-text/1.12.0/commons-text-1.12.0.jar:/Users/sreekumarviswanathan/.m2/repository/org/apache/xmlbeans/xmlbeans/3.0.2/xmlbeans-3.0.2.jar:/Users/sreekumarviswanathan/.m2/repository/org/junit/jupiter/junit-jupiter-api/5.8.2/junit-jupiter-api-5.8.2.jar:/Users/sreekumarviswanathan/.m2/repository/org/opentest4j/opentest4j/1.3.0/opentest4j-1.3.0.jar:/Users/sreekumarviswanathan/.m2/repository/org/junit/platform/junit-platform-commons/1.8.2/junit-platform-commons-1.8.2.jar:/Users/sreekumarviswanathan/.m2/repository/org/apiguardian/apiguardian-api/1.1.2/apiguardian-api-1.1.2.jar:/Users/sreekumarviswanathan/.m2/repository/org/junit/jupiter/junit-jupiter-params/5.8.2/junit-jupiter-params-5.8.2.jar:/Users/sreekumarviswanathan/.m2/repository/org/junit/jupiter/junit-jupiter-engine/5.8.2/junit-jupiter-engine-5.8.2.jar:/Users/sreekumarviswanathan/.m2/repository/org/junit/platform/junit-platform-engine/1.8.2/junit-platform-engine-1.8.2.jar:/Users/sreekumarviswanathan/.m2/repository/com/regnosys/rosetta/com.regnosys.rosetta/9.54.0/com.regnosys.rosetta-9.54.0.jar:/Users/sreekumarviswanathan/.m2/repository/com/finos/synthetics/synthetics-common/1.0.0-SNAPSHOT/synthetics-common-1.0.0-SNAPSHOT.jar:/Users/sreekumarviswanathan/.m2/repository/com/google/code/gson/gson/2.9.1/gson-2.9.1.jar:/Users/sreekumarviswanathan/.m2/repository/com/fasterxml/jackson/datatype/jackson-datatype-jsr310/2.13.5/jackson-datatype-jsr310-2.13.5.jar:/Users/sreekumarviswanathan/.m2/repository/com/fasterxml/jackson/core/jackson-annotations/2.13.5/jackson-annotations-2.13.5.jar:/Users/sreekumarviswanathan/.m2/repository/com/fasterxml/jackson/core/jackson-core/2.13.5/jackson-core-2.13.5.jar:/Users/sreekumarviswanathan/.m2/repository/com/fasterxml/jackson/core/jackson-databind/2.13.5/jackson-databind-2.13.5.jar:/Users/sreekumarviswanathan/.m2/repository/org/slf4j/slf4j-api/1.7.36/slf4j-api-1.7.36.jar:/Users/sreekumarviswanathan/.m2/repository/org/springframework/boot/spring-boot-starter-test/2.7.18/spring-boot-starter-test-2.7.18.jar:/Users/sreekumarviswanathan/.m2/repository/org/springframework/boot/spring-boot-test/2.7.18/spring-boot-test-2.7.18.jar:/Users/sreekumarviswanathan/.m2/repository/org/springframework/boot/spring-boot-test-autoconfigure/2.7.18/spring-boot-test-autoconfigure-2.7.18.jar:/Users/sreekumarviswanathan/.m2/repository/com/jayway/jsonpath/json-path/2.7.0/json-path-2.7.0.jar:/Users/sreekumarviswanathan/.m2/repository/net/minidev/json-smart/2.4.11/json-smart-2.4.11.jar:/Users/sreekumarviswanathan/.m2/repository/net/minidev/accessors-smart/2.4.11/accessors-smart-2.4.11.jar:/Users/sreekumarviswanathan/.m2/repository/jakarta/xml/bind/jakarta.xml.bind-api/2.3.3/jakarta.xml.bind-api-2.3.3.jar:/Users/sreekumarviswanathan/.m2/repository/jakarta/activation/jakarta.activation-api/1.2.2/jakarta.activation-api-1.2.2.jar:/Users/sreekumarviswanathan/.m2/repository/org/assertj/assertj-core/3.22.0/assertj-core-3.22.0.jar:/Users/sreekumarviswanathan/.m2/repository/org/hamcrest/hamcrest/2.2/hamcrest-2.2.jar:/Users/sreekumarviswanathan/.m2/repository/org/junit/jupiter/junit-jupiter/5.8.2/junit-jupiter-5.8.2.jar:/Users/sreekumarviswanathan/.m2/repository/org/mockito/mockito-core/4.5.1/mockito-core-4.5.1.jar:/Users/sreekumarviswanathan/.m2/repository/net/bytebuddy/byte-buddy/1.12.23/byte-buddy-1.12.23.jar:/Users/sreekumarviswanathan/.m2/repository/net/bytebuddy/byte-buddy-agent/1.12.23/byte-buddy-agent-1.12.23.jar:/Users/sreekumarviswanathan/.m2/repository/org/objenesis/objenesis/3.2/objenesis-3.2.jar:/Users/sreekumarviswanathan/.m2/repository/org/mockito/mockito-junit-jupiter/4.5.1/mockito-junit-jupiter-4.5.1.jar:/Users/sreekumarviswanathan/.m2/repository/org/skyscreamer/jsonassert/1.5.1/jsonassert-1.5.1.jar:/Users/sreekumarviswanathan/.m2/repository/com/vaadin/external/google/android-json/0.0.20131108.vaadin1/android-json-0.0.20131108.vaadin1.jar:/Users/sreekumarviswanathan/.m2/repository/org/springframework/spring-core/5.3.31/spring-core-5.3.31.jar:/Users/sreekumarviswanathan/.m2/repository/org/springframework/spring-jcl/5.3.31/spring-jcl-5.3.31.jar:/Users/sreekumarviswanathan/.m2/repository/org/springframework/spring-test/5.3.31/spring-test-5.3.31.jar:/Users/sreekumarviswanathan/.m2/repository/org/xmlunit/xmlunit-core/2.9.1/xmlunit-core-2.9.1.jar:"/>
    <property name="sun.cpu.endian" value="little"/>
    <property name="user.home" value="/Users/sreekumarviswanathan"/>
    <property name="user.language" value="en"/>
    <property name="java.specification.vendor" value="Oracle Corporation"/>
    <property name="java.version.date" value="2024-04-16"/>
    <property name="java.home" value="/Users/sreekumarviswanathan/.sdkman/candidates/java/21.0.3-tem"/>
    <property name="file.separator" value="/"/>
    <property name="basedir" value="/Users/sreekumarviswanathan/ai-projects-cursor/equity-swaps-poc/synthetics-instruction-service"/>
    <property name="java.vm.compressedOopsMode" value="Zero based"/>
    <property name="line.separator" value="&#10;"/>
    <property name="java.vm.specification.vendor" value="Oracle Corporation"/>
    <property name="java.specification.name" value="Java Platform API Specification"/>
    <property name="FILE_LOG_CHARSET" value="UTF-8"/>
    <property name="java.awt.headless" value="true"/>
    <property name="apple.awt.application.name" value="ForkedBooter"/>
    <property name="surefire.real.class.path" value="/Users/sreekumarviswanathan/ai-projects-cursor/equity-swaps-poc/synthetics-instruction-service/target/surefire/surefirebooter-20250801222405182_3.jar"/>
    <property name="sun.management.compiler" value="HotSpot 64-Bit Tiered Compilers"/>
    <property name="ftp.nonProxyHosts" value="local|*.local|169.254/16|*.169.254/16"/>
    <property name="java.runtime.version" value="21.0.3+9-LTS"/>
    <property name="user.name" value="sreekumarviswanathan"/>
    <property name="stdout.encoding" value="UTF-8"/>
    <property name="path.separator" value=":"/>
    <property name="os.version" value="15.5"/>
    <property name="java.runtime.name" value="OpenJDK Runtime Environment"/>
    <property name="file.encoding" value="UTF-8"/>
    <property name="spring.beaninfo.ignore" value="true"/>
    <property name="java.vm.name" value="OpenJDK 64-Bit Server VM"/>
    <property name="java.vendor.version" value="Temurin-21.0.3+9"/>
    <property name="localRepository" value="/Users/sreekumarviswanathan/.m2/repository"/>
    <property name="java.vendor.url.bug" value="https://github.com/adoptium/adoptium-support/issues"/>
    <property name="java.io.tmpdir" value="/var/folders/nx/7xh1s5w90yn33khjrw5ckrh40000gn/T/"/>
    <property name="java.version" value="21.0.3"/>
    <property name="user.dir" value="/Users/sreekumarviswanathan/ai-projects-cursor/equity-swaps-poc/synthetics-instruction-service"/>
    <property name="os.arch" value="aarch64"/>
    <property name="java.vm.specification.name" value="Java Virtual Machine Specification"/>
    <property name="PID" value="20998"/>
    <property name="CONSOLE_LOG_CHARSET" value="UTF-8"/>
    <property name="native.encoding" value="UTF-8"/>
    <property name="java.library.path" value="/Users/sreekumarviswanathan/Library/Java/Extensions:/Library/Java/Extensions:/Network/Library/Java/Extensions:/System/Library/Java/Extensions:/usr/lib/java:."/>
    <property name="java.vm.info" value="mixed mode"/>
    <property name="stderr.encoding" value="UTF-8"/>
    <property name="java.vendor" value="Eclipse Adoptium"/>
    <property name="java.vm.version" value="21.0.3+9-LTS"/>
    <property name="sun.io.unicode.encoding" value="UnicodeBig"/>
    <property name="socksNonProxyHosts" value="local|*.local|169.254/16|*.169.254/16"/>
    <property name="java.class.version" value="65.0"/>
    <property name="CONSOLE_LOG_PATTERN" value="%d{yyyy-MM-dd HH:mm:ss} [%thread] %-5level %logger{36} - %msg%n"/>
  </properties>
  <testcase name="shouldHandleAllPriorityLevels" classname="com.finos.synthetics.instruction.integration.InstructionServiceIntegrationTest" time="0.013">
    <system-out><![CDATA[22:24:05.476 [main] DEBUG org.springframework.test.context.BootstrapUtils - Instantiating CacheAwareContextLoaderDelegate from class [org.springframework.test.context.cache.DefaultCacheAwareContextLoaderDelegate]
22:24:05.479 [main] DEBUG org.springframework.test.context.BootstrapUtils - Instantiating BootstrapContext using constructor [public org.springframework.test.context.support.DefaultBootstrapContext(java.lang.Class,org.springframework.test.context.CacheAwareContextLoaderDelegate)]
22:24:05.490 [main] DEBUG org.springframework.test.context.BootstrapUtils - Instantiating TestContextBootstrapper for test class [com.finos.synthetics.instruction.integration.InstructionServiceIntegrationTest] from class [org.springframework.boot.test.context.SpringBootTestContextBootstrapper]
22:24:05.494 [main] INFO org.springframework.boot.test.context.SpringBootTestContextBootstrapper - Neither @ContextConfiguration nor @ContextHierarchy found for test class [com.finos.synthetics.instruction.integration.InstructionServiceIntegrationTest], using SpringBootContextLoader
22:24:05.495 [main] DEBUG org.springframework.test.context.support.AbstractContextLoader - Did not detect default resource location for test class [com.finos.synthetics.instruction.integration.InstructionServiceIntegrationTest]: class path resource [com/finos/synthetics/instruction/integration/InstructionServiceIntegrationTest-context.xml] does not exist
22:24:05.495 [main] DEBUG org.springframework.test.context.support.AbstractContextLoader - Did not detect default resource location for test class [com.finos.synthetics.instruction.integration.InstructionServiceIntegrationTest]: class path resource [com/finos/synthetics/instruction/integration/InstructionServiceIntegrationTestContext.groovy] does not exist
22:24:05.495 [main] INFO org.springframework.test.context.support.AbstractContextLoader - Could not detect default resource locations for test class [com.finos.synthetics.instruction.integration.InstructionServiceIntegrationTest]: no resource found for suffixes {-context.xml, Context.groovy}.
22:24:05.495 [main] INFO org.springframework.test.context.support.AnnotationConfigContextLoaderUtils - Could not detect default configuration classes for test class [com.finos.synthetics.instruction.integration.InstructionServiceIntegrationTest]: InstructionServiceIntegrationTest does not declare any static, non-private, non-final, nested classes annotated with @Configuration.
22:24:05.572 [main] DEBUG org.springframework.context.annotation.ClassPathScanningCandidateComponentProvider - Identified candidate component class: file [/Users/sreekumarviswanathan/ai-projects-cursor/equity-swaps-poc/synthetics-instruction-service/target/classes/com/finos/synthetics/instruction/InstructionServiceApplication.class]
22:24:05.572 [main] INFO org.springframework.boot.test.context.SpringBootTestContextBootstrapper - Found @SpringBootConfiguration com.finos.synthetics.instruction.InstructionServiceApplication for test class com.finos.synthetics.instruction.integration.InstructionServiceIntegrationTest
22:24:05.603 [main] DEBUG org.springframework.boot.test.context.SpringBootTestContextBootstrapper - @TestExecutionListeners is not present for class [com.finos.synthetics.instruction.integration.InstructionServiceIntegrationTest]: using defaults.
22:24:05.603 [main] INFO org.springframework.boot.test.context.SpringBootTestContextBootstrapper - Loaded default TestExecutionListener class names from location [META-INF/spring.factories]: [org.springframework.boot.test.mock.mockito.MockitoTestExecutionListener, org.springframework.boot.test.mock.mockito.ResetMocksTestExecutionListener, org.springframework.boot.test.autoconfigure.restdocs.RestDocsTestExecutionListener, org.springframework.boot.test.autoconfigure.web.client.MockRestServiceServerResetTestExecutionListener, org.springframework.boot.test.autoconfigure.web.servlet.MockMvcPrintOnlyOnFailureTestExecutionListener, org.springframework.boot.test.autoconfigure.web.servlet.WebDriverTestExecutionListener, org.springframework.boot.test.autoconfigure.webservices.client.MockWebServiceServerTestExecutionListener, org.springframework.test.context.web.ServletTestExecutionListener, org.springframework.test.context.support.DirtiesContextBeforeModesTestExecutionListener, org.springframework.test.context.event.ApplicationEventsTestExecutionListener, org.springframework.test.context.support.DependencyInjectionTestExecutionListener, org.springframework.test.context.support.DirtiesContextTestExecutionListener, org.springframework.test.context.transaction.TransactionalTestExecutionListener, org.springframework.test.context.jdbc.SqlScriptsTestExecutionListener, org.springframework.test.context.event.EventPublishingTestExecutionListener]
22:24:05.606 [main] DEBUG org.springframework.boot.test.context.SpringBootTestContextBootstrapper - Skipping candidate TestExecutionListener [org.springframework.test.context.transaction.TransactionalTestExecutionListener] due to a missing dependency. Specify custom listener classes or make the default listener classes and their required dependencies available. Offending class: [org/springframework/transaction/interceptor/TransactionAttributeSource]
22:24:05.606 [main] DEBUG org.springframework.boot.test.context.SpringBootTestContextBootstrapper - Skipping candidate TestExecutionListener [org.springframework.test.context.jdbc.SqlScriptsTestExecutionListener] due to a missing dependency. Specify custom listener classes or make the default listener classes and their required dependencies available. Offending class: [org/springframework/transaction/interceptor/TransactionAttribute]
22:24:05.606 [main] INFO org.springframework.boot.test.context.SpringBootTestContextBootstrapper - Using TestExecutionListeners: [org.springframework.test.context.web.ServletTestExecutionListener@37d80fe7, org.springframework.test.context.support.DirtiesContextBeforeModesTestExecutionListener@384fc774, org.springframework.test.context.event.ApplicationEventsTestExecutionListener@e3cee7b, org.springframework.boot.test.mock.mockito.MockitoTestExecutionListener@71e9a896, org.springframework.boot.test.autoconfigure.SpringBootDependencyInjectionTestExecutionListener@6b9267b, org.springframework.test.context.support.DirtiesContextTestExecutionListener@408b35bf, org.springframework.test.context.event.EventPublishingTestExecutionListener@29ad44e3, org.springframework.boot.test.mock.mockito.ResetMocksTestExecutionListener@15bcf458, org.springframework.boot.test.autoconfigure.restdocs.RestDocsTestExecutionListener@5af9926a, org.springframework.boot.test.autoconfigure.web.client.MockRestServiceServerResetTestExecutionListener@43c67247, org.springframework.boot.test.autoconfigure.web.servlet.MockMvcPrintOnlyOnFailureTestExecutionListener@fac80, org.springframework.boot.test.autoconfigure.web.servlet.WebDriverTestExecutionListener@726386ed, org.springframework.boot.test.autoconfigure.webservices.client.MockWebServiceServerTestExecutionListener@649f2009]
22:24:05.607 [main] DEBUG org.springframework.test.context.support.AbstractDirtiesContextTestExecutionListener - Before test class: context [DefaultTestContext@1c25b8a7 testClass = InstructionServiceIntegrationTest, testInstance = [null], testMethod = [null], testException = [null], mergedContextConfiguration = [WebMergedContextConfiguration@200606de testClass = InstructionServiceIntegrationTest, locations = '{}', classes = '{class com.finos.synthetics.instruction.InstructionServiceApplication}', contextInitializerClasses = '[]', activeProfiles = '{test}', propertySourceLocations = '{}', propertySourceProperties = '{org.springframework.boot.test.context.SpringBootTestContextBootstrapper=true}', contextCustomizers = set[[ImportsContextCustomizer@750fe12e key = [org.springframework.boot.autoconfigure.task.TaskExecutionAutoConfiguration, org.springframework.boot.autoconfigure.web.servlet.HttpEncodingAutoConfiguration, org.springframework.boot.autoconfigure.validation.ValidationAutoConfiguration, org.springframework.boot.autoconfigure.context.MessageSourceAutoConfiguration, org.springframework.boot.autoconfigure.hateoas.HypermediaAutoConfiguration, org.springframework.boot.autoconfigure.data.web.SpringDataWebAutoConfiguration, org.springframework.boot.autoconfigure.jackson.JacksonAutoConfiguration, org.springframework.boot.autoconfigure.thymeleaf.ThymeleafAutoConfiguration, org.springframework.boot.autoconfigure.web.servlet.error.ErrorMvcAutoConfiguration, org.springframework.boot.autoconfigure.gson.GsonAutoConfiguration, org.springframework.boot.autoconfigure.jsonb.JsonbAutoConfiguration, org.springframework.boot.autoconfigure.freemarker.FreeMarkerAutoConfiguration, org.springframework.boot.autoconfigure.web.servlet.WebMvcAutoConfiguration, org.springframework.boot.autoconfigure.http.HttpMessageConvertersAutoConfiguration, org.springframework.boot.autoconfigure.groovy.template.GroovyTemplateAutoConfiguration, org.springframework.boot.autoconfigure.mustache.MustacheAutoConfiguration]], org.springframework.boot.test.context.filter.ExcludeFilterContextCustomizer@22875539, org.springframework.boot.test.json.DuplicateJsonObjectContextCustomizerFactory$DuplicateJsonObjectContextCustomizer@43f82e78, org.springframework.boot.test.mock.mockito.MockitoContextCustomizer@7c4c38eb, org.springframework.boot.test.web.client.TestRestTemplateContextCustomizer@4dd02341, org.springframework.boot.test.autoconfigure.actuate.metrics.MetricsExportContextCustomizerFactory$DisableMetricExportContextCustomizer@46268f08, org.springframework.boot.test.autoconfigure.properties.PropertyMappingContextCustomizer@0, org.springframework.boot.test.autoconfigure.web.servlet.WebDriverContextCustomizerFactory$Customizer@2d96543c, org.springframework.boot.test.context.SpringBootTestArgs@1, org.springframework.boot.test.context.SpringBootTestWebEnvironment@544fa968], resourceBasePath = 'src/main/webapp', contextLoader = 'org.springframework.boot.test.context.SpringBootContextLoader', parent = [null]], attributes = map['org.springframework.test.context.web.ServletTestExecutionListener.activateListener' -> true]], class annotated with @DirtiesContext [false] with mode [null].

  .   ____          _            __ _ _
 /\\ / ___'_ __ _ _(_)_ __  __ _ \ \ \ \
( ( )\___ | '_ | '_| | '_ \/ _` | \ \ \ \
 \\/  ___)| |_)| | | | | || (_| |  ) ) ) )
  '  |____| .__|_| |_|_| |_\__, | / / / /
 =========|_|==============|___/=/_/_/_/
 :: Spring Boot ::               (v2.7.18)

2025-08-01 22:24:05 [main] INFO  c.f.s.i.i.InstructionServiceIntegrationTest - Starting InstructionServiceIntegrationTest using Java 21.0.3 on Mac with PID 20998 (started by sreekumarviswanathan in /Users/sreekumarviswanathan/ai-projects-cursor/equity-swaps-poc/synthetics-instruction-service)
2025-08-01 22:24:05 [main] DEBUG c.f.s.i.i.InstructionServiceIntegrationTest - Running with Spring Boot v2.7.18, Spring v5.3.31
2025-08-01 22:24:05 [main] INFO  c.f.s.i.i.InstructionServiceIntegrationTest - The following 1 profile is active: "test"
2025-08-01 22:24:05 [main] DEBUG o.s.w.c.s.GenericWebApplicationContext - Refreshing org.springframework.web.context.support.GenericWebApplicationContext@327c7bea
2025-08-01 22:24:05 [main] DEBUG o.s.c.o.FeignClientsRegistrar$1 - Identified candidate component class: file [/Users/sreekumarviswanathan/ai-projects-cursor/equity-swaps-poc/synthetics-instruction-service/target/classes/com/finos/synthetics/instruction/client/HandlerServiceClient.class]
2025-08-01 22:24:06 [main] INFO  o.s.cloud.context.scope.GenericScope - BeanFactory id=9635f750-0bd4-323a-ae65-e79bc5f51f4c
2025-08-01 22:24:06 [main] DEBUG o.s.w.s.m.m.a.RequestMappingHandlerAdapter - ControllerAdvice beans: 0 @ModelAttribute, 0 @InitBinder, 1 RequestBodyAdvice, 1 ResponseBodyAdvice
2025-08-01 22:24:06 [main] DEBUG o.s.w.s.m.m.a.RequestMappingHandlerMapping - 9 mappings in 'requestMappingHandlerMapping'
2025-08-01 22:24:06 [main] DEBUG o.s.w.s.h.SimpleUrlHandlerMapping - Patterns [/webjars/**, /**] in 'resourceHandlerMapping'
2025-08-01 22:24:06 [main] DEBUG o.s.w.s.m.m.a.ExceptionHandlerExceptionResolver - ControllerAdvice beans: 0 @ExceptionHandler, 1 ResponseBodyAdvice
2025-08-01 22:24:06 [main] INFO  o.s.c.n.e.c.DiscoveryClientOptionalArgsConfiguration - Eureka HTTP Client uses RestTemplate.
2025-08-01 22:24:06 [main] WARN  o.s.c.l.c.LoadBalancerCacheAutoConfiguration$LoadBalancerCaffeineWarnLogger - Spring Cloud LoadBalancer is currently working with the default cache. While this cache implementation is useful for development and tests, it's recommended to use Caffeine cache in production.You can switch to using Caffeine cache, by adding it and org.springframework.cache.caffeine.CaffeineCacheManager to the classpath.
2025-08-01 22:24:06 [main] INFO  o.s.b.a.e.web.EndpointLinksResolver - Exposing 3 endpoint(s) beneath base path '/actuator'
2025-08-01 22:24:06 [main] INFO  c.f.s.i.i.InstructionServiceIntegrationTest - Started InstructionServiceIntegrationTest in 1.115 seconds (JVM running for 1.521)
]]></system-out>
  </testcase>
  <testcase name="shouldReturnHealthStatus" classname="com.finos.synthetics.instruction.integration.InstructionServiceIntegrationTest" time="0.025">
    <system-out><![CDATA[2025-08-01 22:24:06 [main] INFO  o.s.b.t.m.w.SpringBootMockServletContext - Initializing Spring TestDispatcherServlet ''
2025-08-01 22:24:06 [main] INFO  o.s.t.w.s.TestDispatcherServlet - Initializing Servlet ''
2025-08-01 22:24:06 [main] INFO  o.s.t.w.s.TestDispatcherServlet - Completed initialization in 0 ms
2025-08-01 22:24:06 [main] DEBUG o.s.w.s.m.m.a.RequestMappingHandlerMapping - Mapped to com.finos.synthetics.instruction.controller.InstructionController#healthCheck()
2025-08-01 22:24:06 [main] INFO  c.f.s.i.c.InstructionController - Health check requested
2025-08-01 22:24:06 [main] DEBUG o.s.w.s.m.m.a.HttpEntityMethodProcessor - Using 'text/plain', given [*/*] and supported [text/plain, */*, text/plain, */*, application/json, application/*+json, application/json, application/*+json, application/xml;charset=UTF-8, text/xml;charset=UTF-8, application/*+xml;charset=UTF-8, application/xml;charset=UTF-8, text/xml;charset=UTF-8, application/*+xml;charset=UTF-8]
2025-08-01 22:24:06 [main] DEBUG o.s.w.s.m.m.a.HttpEntityMethodProcessor - Writing ["Instruction Service Status: UNHEALTHY"]
]]></system-out>
  </testcase>
  <testcase name="shouldValidateInstructionRequestModel" classname="com.finos.synthetics.instruction.integration.InstructionServiceIntegrationTest" time="0.001"/>
  <testcase name="shouldHandleInvalidJsonRequest" classname="com.finos.synthetics.instruction.integration.InstructionServiceIntegrationTest" time="0.022">
    <system-out><![CDATA[2025-08-01 22:24:06 [main] INFO  o.s.b.t.m.w.SpringBootMockServletContext - Initializing Spring TestDispatcherServlet ''
2025-08-01 22:24:06 [main] INFO  o.s.t.w.s.TestDispatcherServlet - Initializing Servlet ''
2025-08-01 22:24:06 [main] INFO  o.s.t.w.s.TestDispatcherServlet - Completed initialization in 0 ms
2025-08-01 22:24:06 [main] DEBUG o.s.w.s.m.m.a.RequestMappingHandlerMapping - Mapped to com.finos.synthetics.instruction.controller.InstructionController#processInstruction(InstructionRequest)
2025-08-01 22:24:06 [main] DEBUG o.s.web.method.HandlerMethod - Could not resolve parameter [0] in public org.springframework.http.ResponseEntity<com.finos.synthetics.instruction.model.InstructionResponse> com.finos.synthetics.instruction.controller.InstructionController.processInstruction(com.finos.synthetics.instruction.model.InstructionRequest): JSON parse error: Unrecognized token 'invalid': was expecting (JSON String, Number, Array, Object or token 'null', 'true' or 'false'); nested exception is com.fasterxml.jackson.core.JsonParseException: Unrecognized token 'invalid': was expecting (JSON String, Number, Array, Object or token 'null', 'true' or 'false')
 at [Source: (org.springframework.util.StreamUtils$NonClosingInputStream); line: 1, column: 9]
2025-08-01 22:24:06 [main] WARN  o.s.w.s.m.s.DefaultHandlerExceptionResolver - Resolved [org.springframework.http.converter.HttpMessageNotReadableException: JSON parse error: Unrecognized token 'invalid': was expecting (JSON String, Number, Array, Object or token 'null', 'true' or 'false'); nested exception is com.fasterxml.jackson.core.JsonParseException: Unrecognized token 'invalid': was expecting (JSON String, Number, Array, Object or token 'null', 'true' or 'false')<EOL> at [Source: (org.springframework.util.StreamUtils$NonClosingInputStream); line: 1, column: 9]]
]]></system-out>
  </testcase>
  <testcase name="shouldHandleAllResponseStatuses" classname="com.finos.synthetics.instruction.integration.InstructionServiceIntegrationTest" time="0.001"/>
  <testcase name="shouldReturnSupportedInstructionTypes" classname="com.finos.synthetics.instruction.integration.InstructionServiceIntegrationTest" time="0.006">
    <system-out><![CDATA[2025-08-01 22:24:06 [main] INFO  o.s.b.t.m.w.SpringBootMockServletContext - Initializing Spring TestDispatcherServlet ''
2025-08-01 22:24:06 [main] INFO  o.s.t.w.s.TestDispatcherServlet - Initializing Servlet ''
2025-08-01 22:24:06 [main] INFO  o.s.t.w.s.TestDispatcherServlet - Completed initialization in 0 ms
2025-08-01 22:24:06 [main] DEBUG o.s.w.s.m.m.a.RequestMappingHandlerMapping - Mapped to com.finos.synthetics.instruction.controller.InstructionController#getSupportedInstructionTypes()
2025-08-01 22:24:06 [main] INFO  c.f.s.i.c.InstructionController - Supported instruction types requested
2025-08-01 22:24:06 [main] DEBUG o.s.w.s.m.m.a.HttpEntityMethodProcessor - Using 'application/json', given [*/*] and supported [application/json, application/*+json, application/json, application/*+json, application/xml;charset=UTF-8, text/xml;charset=UTF-8, application/*+xml;charset=UTF-8, application/xml;charset=UTF-8, text/xml;charset=UTF-8, application/*+xml;charset=UTF-8]
2025-08-01 22:24:06 [main] DEBUG o.s.w.s.m.m.a.HttpEntityMethodProcessor - Writing [{CONTRACT_FORMATION, EXECUTION, EXERCISE, RESET, PARTY_CHANGE, SPLIT, QUANTITY_CHANGE, TERMS_CHANGE, (truncated)...]
]]></system-out>
  </testcase>
  <testcase name="shouldHandleMissingRequiredFields" classname="com.finos.synthetics.instruction.integration.InstructionServiceIntegrationTest" time="0.038">
    <system-out><![CDATA[2025-08-01 22:24:06 [main] INFO  o.s.b.t.m.w.SpringBootMockServletContext - Initializing Spring TestDispatcherServlet ''
2025-08-01 22:24:06 [main] INFO  o.s.t.w.s.TestDispatcherServlet - Initializing Servlet ''
2025-08-01 22:24:06 [main] INFO  o.s.t.w.s.TestDispatcherServlet - Completed initialization in 0 ms
2025-08-01 22:24:06 [main] DEBUG o.s.w.s.m.m.a.RequestMappingHandlerMapping - Mapped to com.finos.synthetics.instruction.controller.InstructionController#processInstruction(InstructionRequest)
2025-08-01 22:24:06 [main] DEBUG o.s.w.s.m.m.a.RequestResponseBodyMethodProcessor - Read "application/json" to [InstructionRequest{instructionId='df130d17-1663-4231-954d-b922236156ca', instructionType=null, prior (truncated)...]
2025-08-01 22:24:06 [main] WARN  o.s.w.s.m.s.DefaultHandlerExceptionResolver - Resolved [org.springframework.web.bind.MethodArgumentNotValidException: Validation failed for argument [0] in public org.springframework.http.ResponseEntity<com.finos.synthetics.instruction.model.InstructionResponse> com.finos.synthetics.instruction.controller.InstructionController.processInstruction(com.finos.synthetics.instruction.model.InstructionRequest) with 3 errors: [Field error in object 'instructionRequest' on field 'instructionType': rejected value [null]; codes [NotNull.instructionRequest.instructionType,NotNull.instructionType,NotNull.com.finos.synthetics.instruction.model.InstructionRequest$InstructionType,NotNull]; arguments [org.springframework.context.support.DefaultMessageSourceResolvable: codes [instructionRequest.instructionType,instructionType]; arguments []; default message [instructionType]]; default message [must not be null]] [Field error in object 'instructionRequest' on field 'instructionData': rejected value [null]; codes [NotBlank.instructionRequest.instructionData,NotBlank.instructionData,NotBlank.java.lang.String,NotBlank]; arguments [org.springframework.context.support.DefaultMessageSourceResolvable: codes [instructionRequest.instructionData,instructionData]; arguments []; default message [instructionData]]; default message [must not be blank]] [Field error in object 'instructionRequest' on field 'instructionData': rejected value [null]; codes [NotNull.instructionRequest.instructionData,NotNull.instructionData,NotNull.java.lang.String,NotNull]; arguments [org.springframework.context.support.DefaultMessageSourceResolvable: codes [instructionRequest.instructionData,instructionData]; arguments []; default message [instructionData]]; default message [must not be null]] ]
]]></system-out>
  </testcase>
  <testcase name="shouldReturnServiceInfo" classname="com.finos.synthetics.instruction.integration.InstructionServiceIntegrationTest" time="0.002">
    <system-out><![CDATA[2025-08-01 22:24:06 [main] INFO  o.s.b.t.m.w.SpringBootMockServletContext - Initializing Spring TestDispatcherServlet ''
2025-08-01 22:24:06 [main] INFO  o.s.t.w.s.TestDispatcherServlet - Initializing Servlet ''
2025-08-01 22:24:06 [main] INFO  o.s.t.w.s.TestDispatcherServlet - Completed initialization in 0 ms
2025-08-01 22:24:06 [main] DEBUG o.s.w.s.m.m.a.RequestMappingHandlerMapping - Mapped to com.finos.synthetics.instruction.controller.InstructionController#getServiceInfo()
2025-08-01 22:24:06 [main] INFO  c.f.s.i.c.InstructionController - Service info requested
2025-08-01 22:24:06 [main] DEBUG o.s.w.s.m.m.a.HttpEntityMethodProcessor - Using 'text/plain', given [*/*] and supported [text/plain, */*, text/plain, */*, application/json, application/*+json, application/json, application/*+json, application/xml;charset=UTF-8, text/xml;charset=UTF-8, application/*+xml;charset=UTF-8, application/xml;charset=UTF-8, text/xml;charset=UTF-8, application/*+xml;charset=UTF-8]
2025-08-01 22:24:06 [main] DEBUG o.s.w.s.m.m.a.HttpEntityMethodProcessor - Writing ["Instruction Service v1.0.0<EOL>Handler Service: null<EOL>Supported Instructions: CONTRACT_FORMATION, EXECUTI (truncated)..."]
]]></system-out>
  </testcase>
  <testcase name="shouldHandleCorsPreflightRequest" classname="com.finos.synthetics.instruction.integration.InstructionServiceIntegrationTest" time="0.003">
    <system-out><![CDATA[2025-08-01 22:24:06 [main] INFO  o.s.b.t.m.w.SpringBootMockServletContext - Initializing Spring TestDispatcherServlet ''
2025-08-01 22:24:06 [main] INFO  o.s.t.w.s.TestDispatcherServlet - Initializing Servlet ''
2025-08-01 22:24:06 [main] INFO  o.s.t.w.s.TestDispatcherServlet - Completed initialization in 0 ms
2025-08-01 22:24:06 [main] DEBUG o.s.w.s.m.m.a.RequestMappingHandlerMapping - Mapped to com.finos.synthetics.instruction.controller.InstructionController#processInstruction(InstructionRequest)
]]></system-out>
  </testcase>
  <testcase name="shouldReturnInstructionPriorities" classname="com.finos.synthetics.instruction.integration.InstructionServiceIntegrationTest" time="0.002">
    <system-out><![CDATA[2025-08-01 22:24:06 [main] INFO  o.s.b.t.m.w.SpringBootMockServletContext - Initializing Spring TestDispatcherServlet ''
2025-08-01 22:24:06 [main] INFO  o.s.t.w.s.TestDispatcherServlet - Initializing Servlet ''
2025-08-01 22:24:06 [main] INFO  o.s.t.w.s.TestDispatcherServlet - Completed initialization in 0 ms
2025-08-01 22:24:06 [main] DEBUG o.s.w.s.m.m.a.RequestMappingHandlerMapping - Mapped to com.finos.synthetics.instruction.controller.InstructionController#getInstructionPriorities()
2025-08-01 22:24:06 [main] INFO  c.f.s.i.c.InstructionController - Instruction priorities requested
2025-08-01 22:24:06 [main] DEBUG o.s.w.s.m.m.a.HttpEntityMethodProcessor - Using 'application/json', given [*/*] and supported [application/json, application/*+json, application/json, application/*+json, application/xml;charset=UTF-8, text/xml;charset=UTF-8, application/*+xml;charset=UTF-8, application/xml;charset=UTF-8, text/xml;charset=UTF-8, application/*+xml;charset=UTF-8]
2025-08-01 22:24:06 [main] DEBUG o.s.w.s.m.m.a.HttpEntityMethodProcessor - Writing [{LOW, NORMAL, HIGH, CRITICAL}]
]]></system-out>
  </testcase>
  <testcase name="shouldLoadApplicationContext" classname="com.finos.synthetics.instruction.integration.InstructionServiceIntegrationTest" time="0.001"/>
  <testcase name="shouldHandleAllInstructionTypes" classname="com.finos.synthetics.instruction.integration.InstructionServiceIntegrationTest" time="0.001"/>
  <testcase name="shouldValidateInstructionResponseModel" classname="com.finos.synthetics.instruction.integration.InstructionServiceIntegrationTest" time="0.001"/>
</testsuite>